<?xml version="1.0" encoding="UTF-8"?>
<testng-results skipped="0" failed="0" total="2" passed="2">
  <reporter-output>
  </reporter-output>
  <suite name="Default suite" duration-ms="26962" started-at="2020-11-08T03:35:08Z" finished-at="2020-11-08T03:35:35Z">
    <groups>
    </groups>
    <test name="Default test" duration-ms="26962" started-at="2020-11-08T03:35:08Z" finished-at="2020-11-08T03:35:35Z">
      <class name="com.acti.testcase.TC01_logintest">
        <test-method status="PASS" signature="Precondition()[pri:0, instance:com.acti.testcase.TC01_logintest@3e6fa38a]" name="Precondition" is-config="true" duration-ms="11608" started-at="2020-11-07T22:35:08Z" finished-at="2020-11-07T22:35:20Z">
          <reporter-output>
          </reporter-output>
        </test-method> <!-- Precondition -->
        <test-method status="PASS" signature="testloginfunctions()[pri:0, instance:com.acti.testcase.TC01_logintest@3e6fa38a]" name="testloginfunctions" duration-ms="3284" started-at="2020-11-07T22:35:20Z" finished-at="2020-11-07T22:35:23Z">
          <reporter-output>
          </reporter-output>
        </test-method> <!-- testloginfunctions -->
        <test-method status="PASS" signature="Postcondition()[pri:0, instance:com.acti.testcase.TC01_logintest@3e6fa38a]" name="Postcondition" is-config="true" duration-ms="638" started-at="2020-11-07T22:35:23Z" finished-at="2020-11-07T22:35:24Z">
          <reporter-output>
          </reporter-output>
        </test-method> <!-- Postcondition -->
        <test-method status="PASS" signature="Precondition()[pri:0, instance:com.acti.testcase.TC01_logintest@3e6fa38a]" name="Precondition" is-config="true" duration-ms="10633" started-at="2020-11-07T22:35:24Z" finished-at="2020-11-07T22:35:34Z">
          <reporter-output>
          </reporter-output>
        </test-method> <!-- Precondition -->
        <test-method status="PASS" signature="testverifylogodisplayed()[pri:0, instance:com.acti.testcase.TC01_logintest@3e6fa38a]" name="testverifylogodisplayed" duration-ms="148" started-at="2020-11-07T22:35:34Z" finished-at="2020-11-07T22:35:35Z">
          <reporter-output>
          </reporter-output>
        </test-method> <!-- testverifylogodisplayed -->
        <test-method status="PASS" signature="Postcondition()[pri:0, instance:com.acti.testcase.TC01_logintest@3e6fa38a]" name="Postcondition" is-config="true" duration-ms="633" started-at="2020-11-07T22:35:35Z" finished-at="2020-11-07T22:35:35Z">
          <reporter-output>
          </reporter-output>
        </test-method> <!-- Postcondition -->
      </class> <!-- com.acti.testcase.TC01_logintest -->
    </test> <!-- Default test -->
  </suite> <!-- Default suite -->
</testng-results>
